[0m13:37:17.748299 [debug] [MainThread]: Sending event: {'category': 'dbt', 'action': 'invocation', 'label': 'start', 'context': [<snowplow_tracker.self_describing_json.SelfDescribingJson object at 0x000002C7A7092120>, <snowplow_tracker.self_describing_json.SelfDescribingJson object at 0x000002C7A4CF5D10>, <snowplow_tracker.self_describing_json.SelfDescribingJson object at 0x000002C7A7BD8050>]}


============================== 13:37:17.799997 | 46e285d9-4c97-4e7d-a8e2-36570672cef3 ==============================
[0m13:37:17.799997 [info ] [MainThread]: Running with dbt=1.10.13
[0m13:37:17.801027 [debug] [MainThread]: running dbt with arguments {'partial_parse': 'True', 'profiles_dir': 'C:\\Users\\Mega Store\\.dbt', 'send_anonymous_usage_stats': 'True', 'version_check': 'True', 'cache_selected_only': 'False', 'target_path': 'None', 'warn_error': 'None', 'invocation_command': 'dbt init dbt', 'log_format': 'default', 'use_colors': 'True', 'introspect': 'True', 'debug': 'False', 'log_cache_events': 'False', 'fail_fast': 'False', 'no_print': 'None', 'empty': 'None', 'quiet': 'False', 'use_experimental_parser': 'False', 'printer_width': '80', 'log_path': 'logs', 'indirect_selection': 'eager', 'write_json': 'True', 'static_parser': 'True', 'warn_error_options': 'WarnErrorOptionsV2(error=[], warn=[], silence=[])'}
[0m13:38:21.516586 [error] [MainThread]: Encountered an error:

[0m13:38:21.617130 [error] [MainThread]: Traceback (most recent call last):
  File "C:\Users\Mega Store\AppData\Roaming\Python\Python313\site-packages\dbt\cli\requires.py", line 178, in wrapper
    result, success = func(*args, **kwargs)
                      ~~~~^^^^^^^^^^^^^^^^^
  File "C:\Users\Mega Store\AppData\Roaming\Python\Python313\site-packages\dbt\cli\requires.py", line 128, in wrapper
    return func(*args, **kwargs)
  File "C:\Users\Mega Store\AppData\Roaming\Python\Python313\site-packages\dbt\cli\main.py", line 483, in init
    results = task.run()
  File "C:\Users\Mega Store\AppData\Roaming\Python\Python313\site-packages\dbt\task\init.py", line 324, in run
    project_name = self.get_valid_project_name()
  File "C:\Users\Mega Store\AppData\Roaming\Python\Python313\site-packages\dbt\task\init.py", line 278, in get_valid_project_name
    name = click.prompt("Enter a name for your project (letters, digits, underscore)")
  File "C:\Users\Mega Store\AppData\Roaming\Python\Python313\site-packages\click\termui.py", line 168, in prompt
    value = prompt_func(prompt)
  File "C:\Users\Mega Store\AppData\Roaming\Python\Python313\site-packages\click\termui.py", line 151, in prompt_func
    raise Abort() from None
click.exceptions.Abort

[0m13:38:21.624382 [debug] [MainThread]: Command `dbt init` failed at 13:38:21.623998 after 64.29 seconds
[0m13:38:21.625511 [debug] [MainThread]: Sending event: {'category': 'dbt', 'action': 'invocation', 'label': 'end', 'context': [<snowplow_tracker.self_describing_json.SelfDescribingJson object at 0x000002C7A824AB10>, <snowplow_tracker.self_describing_json.SelfDescribingJson object at 0x000002C7A92B95B0>, <snowplow_tracker.self_describing_json.SelfDescribingJson object at 0x000002C7A80C6690>]}
[0m13:38:21.626702 [debug] [MainThread]: Flushing usage events
