[2025-12-06T12:04:48.809+0000] {local_task_job_runner.py:120} INFO - ::group::Pre task execution logs
[2025-12-06T12:04:48.833+0000] {taskinstance.py:2076} INFO - Dependencies all met for dep_context=non-requeueable deps ti=<TaskInstance: pipeline.load_bronze_task scheduled__2025-12-05T00:00:00+00:00 [queued]>
[2025-12-06T12:04:48.845+0000] {taskinstance.py:2076} INFO - Dependencies all met for dep_context=requeueable deps ti=<TaskInstance: pipeline.load_bronze_task scheduled__2025-12-05T00:00:00+00:00 [queued]>
[2025-12-06T12:04:48.846+0000] {taskinstance.py:2306} INFO - Starting attempt 1 of 1
[2025-12-06T12:04:48.858+0000] {taskinstance.py:2330} INFO - Executing <Task(PythonOperator): load_bronze_task> on 2025-12-05 00:00:00+00:00
[2025-12-06T12:04:48.868+0000] {standard_task_runner.py:63} INFO - Started process 180 to run task
[2025-12-06T12:04:48.873+0000] {standard_task_runner.py:90} INFO - Running: ['airflow', 'tasks', 'run', 'pipeline', 'load_bronze_task', 'scheduled__2025-12-05T00:00:00+00:00', '--job-id', '38', '--raw', '--subdir', 'DAGS_FOLDER/pipeline.py', '--cfg-path', '/tmp/tmp6f43bw8r']
[2025-12-06T12:04:48.877+0000] {standard_task_runner.py:91} INFO - Job 38: Subtask load_bronze_task
[2025-12-06T12:04:48.939+0000] {task_command.py:426} INFO - Running <TaskInstance: pipeline.load_bronze_task scheduled__2025-12-05T00:00:00+00:00 [running]> on host a9333181de5c
[2025-12-06T12:04:49.037+0000] {taskinstance.py:2648} INFO - Exporting env vars: AIRFLOW_CTX_DAG_OWNER='airflow' AIRFLOW_CTX_DAG_ID='pipeline' AIRFLOW_CTX_TASK_ID='load_bronze_task' AIRFLOW_CTX_EXECUTION_DATE='2025-12-05T00:00:00+00:00' AIRFLOW_CTX_TRY_NUMBER='1' AIRFLOW_CTX_DAG_RUN_ID='scheduled__2025-12-05T00:00:00+00:00'
[2025-12-06T12:04:49.043+0000] {taskinstance.py:430} INFO - ::endgroup::
[2025-12-06T12:04:49.076+0000] {load_bronze.py:43} INFO - Credentials loaded successfully.
[2025-12-06T12:04:49.078+0000] {connection.py:610} INFO - Snowflake Connector for Python Version: 4.1.1, Python Version: 3.11.9, Platform: Linux-6.6.87.2-microsoft-standard-WSL2-x86_64-with-glibc2.31
[2025-12-06T12:04:49.080+0000] {connection.py:1693} INFO - Connecting to GLOBAL Snowflake domain
[2025-12-06T12:04:55.502+0000] {load_bronze.py:65} ERROR - Failed to connect to Snowflake: 290404 (08001): None: 404 Not Found: post WIDGEGI-XT72809.snowflakecomputing.com:443/session/v1/login-request
[2025-12-06T12:04:55.503+0000] {taskinstance.py:441} INFO - ::group::Post task execution logs
[2025-12-06T12:04:55.504+0000] {taskinstance.py:2907} ERROR - Task failed due to SystemExit(1)
[2025-12-06T12:04:55.523+0000] {taskinstance.py:1206} INFO - Marking task as FAILED. dag_id=pipeline, task_id=load_bronze_task, run_id=scheduled__2025-12-05T00:00:00+00:00, execution_date=20251205T000000, start_date=20251206T120448, end_date=20251206T120455
[2025-12-06T12:04:55.556+0000] {standard_task_runner.py:110} ERROR - Failed to execute job 38 for task load_bronze_task (Task failed due to SystemExit(1); 180)
[2025-12-06T12:04:55.618+0000] {local_task_job_runner.py:240} INFO - Task exited with return code 1
[2025-12-06T12:04:55.689+0000] {taskinstance.py:3498} INFO - 0 downstream tasks scheduled from follow-on schedule check
[2025-12-06T12:04:55.702+0000] {local_task_job_runner.py:222} INFO - ::endgroup::
