[2025-12-06T11:55:24.154+0000] {processor.py:161} INFO - Started process (PID=171) to work on /usr/local/airflow/dags/pipeline.py
[2025-12-06T11:55:24.156+0000] {processor.py:830} INFO - Processing file /usr/local/airflow/dags/pipeline.py for tasks to queue
[2025-12-06T11:55:24.157+0000] {logging_mixin.py:188} INFO - [2025-12-06T11:55:24.156+0000] {dagbag.py:545} INFO - Filling up the DagBag from /usr/local/airflow/dags/pipeline.py
[2025-12-06T11:55:24.189+0000] {logging_mixin.py:188} INFO - [2025-12-06T11:55:24.180+0000] {dagbag.py:355} ERROR - Failed to import: /usr/local/airflow/dags/pipeline.py
Traceback (most recent call last):
  File "/usr/local/lib/python3.11/site-packages/airflow/models/dagbag.py", line 351, in parse
    loader.exec_module(new_module)
  File "<frozen importlib._bootstrap_external>", line 940, in exec_module
  File "<frozen importlib._bootstrap>", line 241, in _call_with_frames_removed
  File "/usr/local/airflow/dags/pipeline.py", line 6, in <module>
    from usr.local.airflow.bronze_scripts.load_bronze import load_bronze
ModuleNotFoundError: No module named 'usr'
[2025-12-06T11:55:24.193+0000] {processor.py:842} WARNING - No viable dags retrieved from /usr/local/airflow/dags/pipeline.py
[2025-12-06T11:55:24.226+0000] {processor.py:183} INFO - Processing /usr/local/airflow/dags/pipeline.py took 0.083 seconds
[2025-12-06T11:55:54.492+0000] {processor.py:161} INFO - Started process (PID=176) to work on /usr/local/airflow/dags/pipeline.py
[2025-12-06T11:55:54.495+0000] {processor.py:830} INFO - Processing file /usr/local/airflow/dags/pipeline.py for tasks to queue
[2025-12-06T11:55:54.497+0000] {logging_mixin.py:188} INFO - [2025-12-06T11:55:54.496+0000] {dagbag.py:545} INFO - Filling up the DagBag from /usr/local/airflow/dags/pipeline.py
[2025-12-06T11:55:54.549+0000] {logging_mixin.py:188} INFO - [2025-12-06T11:55:54.537+0000] {dagbag.py:355} ERROR - Failed to import: /usr/local/airflow/dags/pipeline.py
Traceback (most recent call last):
  File "/usr/local/lib/python3.11/site-packages/airflow/models/dagbag.py", line 351, in parse
    loader.exec_module(new_module)
  File "<frozen importlib._bootstrap_external>", line 940, in exec_module
  File "<frozen importlib._bootstrap>", line 241, in _call_with_frames_removed
  File "/usr/local/airflow/dags/pipeline.py", line 6, in <module>
    from usr.local.airflow.bronze_scripts.load_bronze import load_bronze
ModuleNotFoundError: No module named 'usr'
[2025-12-06T11:55:54.553+0000] {processor.py:842} WARNING - No viable dags retrieved from /usr/local/airflow/dags/pipeline.py
[2025-12-06T11:55:54.615+0000] {processor.py:183} INFO - Processing /usr/local/airflow/dags/pipeline.py took 0.144 seconds
[2025-12-06T11:56:24.873+0000] {processor.py:161} INFO - Started process (PID=181) to work on /usr/local/airflow/dags/pipeline.py
[2025-12-06T11:56:24.876+0000] {processor.py:830} INFO - Processing file /usr/local/airflow/dags/pipeline.py for tasks to queue
[2025-12-06T11:56:24.880+0000] {logging_mixin.py:188} INFO - [2025-12-06T11:56:24.878+0000] {dagbag.py:545} INFO - Filling up the DagBag from /usr/local/airflow/dags/pipeline.py
[2025-12-06T11:56:24.952+0000] {logging_mixin.py:188} INFO - [2025-12-06T11:56:24.936+0000] {dagbag.py:355} ERROR - Failed to import: /usr/local/airflow/dags/pipeline.py
Traceback (most recent call last):
  File "/usr/local/lib/python3.11/site-packages/airflow/models/dagbag.py", line 351, in parse
    loader.exec_module(new_module)
  File "<frozen importlib._bootstrap_external>", line 940, in exec_module
  File "<frozen importlib._bootstrap>", line 241, in _call_with_frames_removed
  File "/usr/local/airflow/dags/pipeline.py", line 6, in <module>
    from usr.local.airflow.bronze_scripts.load_bronze import load_bronze
ModuleNotFoundError: No module named 'usr'
[2025-12-06T11:56:24.957+0000] {processor.py:842} WARNING - No viable dags retrieved from /usr/local/airflow/dags/pipeline.py
[2025-12-06T11:56:25.032+0000] {processor.py:183} INFO - Processing /usr/local/airflow/dags/pipeline.py took 0.182 seconds
[2025-12-06T11:56:55.371+0000] {processor.py:161} INFO - Started process (PID=186) to work on /usr/local/airflow/dags/pipeline.py
[2025-12-06T11:56:55.375+0000] {processor.py:830} INFO - Processing file /usr/local/airflow/dags/pipeline.py for tasks to queue
[2025-12-06T11:56:55.379+0000] {logging_mixin.py:188} INFO - [2025-12-06T11:56:55.377+0000] {dagbag.py:545} INFO - Filling up the DagBag from /usr/local/airflow/dags/pipeline.py
[2025-12-06T11:56:55.442+0000] {logging_mixin.py:188} INFO - [2025-12-06T11:56:55.429+0000] {dagbag.py:355} ERROR - Failed to import: /usr/local/airflow/dags/pipeline.py
Traceback (most recent call last):
  File "/usr/local/lib/python3.11/site-packages/airflow/models/dagbag.py", line 351, in parse
    loader.exec_module(new_module)
  File "<frozen importlib._bootstrap_external>", line 940, in exec_module
  File "<frozen importlib._bootstrap>", line 241, in _call_with_frames_removed
  File "/usr/local/airflow/dags/pipeline.py", line 6, in <module>
    from usr.local.airflow.bronze_scripts.load_bronze import load_bronze
ModuleNotFoundError: No module named 'usr'
[2025-12-06T11:56:55.447+0000] {processor.py:842} WARNING - No viable dags retrieved from /usr/local/airflow/dags/pipeline.py
[2025-12-06T11:56:55.508+0000] {processor.py:183} INFO - Processing /usr/local/airflow/dags/pipeline.py took 0.159 seconds
[2025-12-06T11:57:11.224+0000] {processor.py:161} INFO - Started process (PID=191) to work on /usr/local/airflow/dags/pipeline.py
[2025-12-06T11:57:11.233+0000] {processor.py:830} INFO - Processing file /usr/local/airflow/dags/pipeline.py for tasks to queue
[2025-12-06T11:57:11.236+0000] {logging_mixin.py:188} INFO - [2025-12-06T11:57:11.235+0000] {dagbag.py:545} INFO - Filling up the DagBag from /usr/local/airflow/dags/pipeline.py
[2025-12-06T11:57:13.535+0000] {logging_mixin.py:188} INFO - [2025-12-06T11:57:13.450+0000] {dagbag.py:355} ERROR - Failed to import: /usr/local/airflow/dags/pipeline.py
Traceback (most recent call last):
  File "/usr/local/lib/python3.11/site-packages/airflow/models/dagbag.py", line 351, in parse
    loader.exec_module(new_module)
  File "<frozen importlib._bootstrap_external>", line 940, in exec_module
  File "<frozen importlib._bootstrap>", line 241, in _call_with_frames_removed
  File "/usr/local/airflow/dags/pipeline.py", line 6, in <module>
    from bronze_scripts.load_bronze import load_bronze
  File "/usr/local/airflow/bronze_scripts/load_bronze.py", line 2, in <module>
    import snowflake.connector
ModuleNotFoundError: No module named 'snowflake'
[2025-12-06T11:57:13.549+0000] {processor.py:842} WARNING - No viable dags retrieved from /usr/local/airflow/dags/pipeline.py
[2025-12-06T11:57:13.611+0000] {processor.py:183} INFO - Processing /usr/local/airflow/dags/pipeline.py took 2.409 seconds
[2025-12-06T11:57:43.824+0000] {processor.py:161} INFO - Started process (PID=197) to work on /usr/local/airflow/dags/pipeline.py
[2025-12-06T11:57:43.827+0000] {processor.py:830} INFO - Processing file /usr/local/airflow/dags/pipeline.py for tasks to queue
[2025-12-06T11:57:43.829+0000] {logging_mixin.py:188} INFO - [2025-12-06T11:57:43.829+0000] {dagbag.py:545} INFO - Filling up the DagBag from /usr/local/airflow/dags/pipeline.py
[2025-12-06T11:57:44.840+0000] {logging_mixin.py:188} INFO - [2025-12-06T11:57:44.825+0000] {dagbag.py:355} ERROR - Failed to import: /usr/local/airflow/dags/pipeline.py
Traceback (most recent call last):
  File "/usr/local/lib/python3.11/site-packages/airflow/models/dagbag.py", line 351, in parse
    loader.exec_module(new_module)
  File "<frozen importlib._bootstrap_external>", line 940, in exec_module
  File "<frozen importlib._bootstrap>", line 241, in _call_with_frames_removed
  File "/usr/local/airflow/dags/pipeline.py", line 6, in <module>
    from bronze_scripts.load_bronze import load_bronze
  File "/usr/local/airflow/bronze_scripts/load_bronze.py", line 2, in <module>
    import snowflake.connector
ModuleNotFoundError: No module named 'snowflake'
[2025-12-06T11:57:44.845+0000] {processor.py:842} WARNING - No viable dags retrieved from /usr/local/airflow/dags/pipeline.py
[2025-12-06T11:57:44.874+0000] {processor.py:183} INFO - Processing /usr/local/airflow/dags/pipeline.py took 1.065 seconds
[2025-12-06T11:58:15.174+0000] {processor.py:161} INFO - Started process (PID=203) to work on /usr/local/airflow/dags/pipeline.py
[2025-12-06T11:58:15.177+0000] {processor.py:830} INFO - Processing file /usr/local/airflow/dags/pipeline.py for tasks to queue
[2025-12-06T11:58:15.180+0000] {logging_mixin.py:188} INFO - [2025-12-06T11:58:15.179+0000] {dagbag.py:545} INFO - Filling up the DagBag from /usr/local/airflow/dags/pipeline.py
[2025-12-06T11:58:16.219+0000] {logging_mixin.py:188} INFO - [2025-12-06T11:58:16.204+0000] {dagbag.py:355} ERROR - Failed to import: /usr/local/airflow/dags/pipeline.py
Traceback (most recent call last):
  File "/usr/local/lib/python3.11/site-packages/airflow/models/dagbag.py", line 351, in parse
    loader.exec_module(new_module)
  File "<frozen importlib._bootstrap_external>", line 940, in exec_module
  File "<frozen importlib._bootstrap>", line 241, in _call_with_frames_removed
  File "/usr/local/airflow/dags/pipeline.py", line 6, in <module>
    from bronze_scripts.load_bronze import load_bronze
  File "/usr/local/airflow/bronze_scripts/load_bronze.py", line 2, in <module>
    import snowflake.connector
ModuleNotFoundError: No module named 'snowflake'
[2025-12-06T11:58:16.223+0000] {processor.py:842} WARNING - No viable dags retrieved from /usr/local/airflow/dags/pipeline.py
[2025-12-06T11:58:16.243+0000] {processor.py:183} INFO - Processing /usr/local/airflow/dags/pipeline.py took 1.088 seconds
[2025-12-06T11:58:46.702+0000] {processor.py:161} INFO - Started process (PID=209) to work on /usr/local/airflow/dags/pipeline.py
[2025-12-06T11:58:46.706+0000] {processor.py:830} INFO - Processing file /usr/local/airflow/dags/pipeline.py for tasks to queue
[2025-12-06T11:58:46.709+0000] {logging_mixin.py:188} INFO - [2025-12-06T11:58:46.708+0000] {dagbag.py:545} INFO - Filling up the DagBag from /usr/local/airflow/dags/pipeline.py
[2025-12-06T11:58:47.792+0000] {logging_mixin.py:188} INFO - [2025-12-06T11:58:47.768+0000] {dagbag.py:355} ERROR - Failed to import: /usr/local/airflow/dags/pipeline.py
Traceback (most recent call last):
  File "/usr/local/lib/python3.11/site-packages/airflow/models/dagbag.py", line 351, in parse
    loader.exec_module(new_module)
  File "<frozen importlib._bootstrap_external>", line 940, in exec_module
  File "<frozen importlib._bootstrap>", line 241, in _call_with_frames_removed
  File "/usr/local/airflow/dags/pipeline.py", line 6, in <module>
    from bronze_scripts.load_bronze import load_bronze
  File "/usr/local/airflow/bronze_scripts/load_bronze.py", line 2, in <module>
    import snowflake.connector
ModuleNotFoundError: No module named 'snowflake'
[2025-12-06T11:58:47.799+0000] {processor.py:842} WARNING - No viable dags retrieved from /usr/local/airflow/dags/pipeline.py
[2025-12-06T11:58:47.839+0000] {processor.py:183} INFO - Processing /usr/local/airflow/dags/pipeline.py took 1.159 seconds
[2025-12-06T11:59:18.072+0000] {processor.py:161} INFO - Started process (PID=215) to work on /usr/local/airflow/dags/pipeline.py
[2025-12-06T11:59:18.076+0000] {processor.py:830} INFO - Processing file /usr/local/airflow/dags/pipeline.py for tasks to queue
[2025-12-06T11:59:18.079+0000] {logging_mixin.py:188} INFO - [2025-12-06T11:59:18.078+0000] {dagbag.py:545} INFO - Filling up the DagBag from /usr/local/airflow/dags/pipeline.py
[2025-12-06T11:59:18.978+0000] {logging_mixin.py:188} INFO - [2025-12-06T11:59:18.960+0000] {dagbag.py:355} ERROR - Failed to import: /usr/local/airflow/dags/pipeline.py
Traceback (most recent call last):
  File "/usr/local/lib/python3.11/site-packages/airflow/models/dagbag.py", line 351, in parse
    loader.exec_module(new_module)
  File "<frozen importlib._bootstrap_external>", line 940, in exec_module
  File "<frozen importlib._bootstrap>", line 241, in _call_with_frames_removed
  File "/usr/local/airflow/dags/pipeline.py", line 6, in <module>
    from bronze_scripts.load_bronze import load_bronze
  File "/usr/local/airflow/bronze_scripts/load_bronze.py", line 2, in <module>
    import snowflake.connector
ModuleNotFoundError: No module named 'snowflake'
[2025-12-06T11:59:18.984+0000] {processor.py:842} WARNING - No viable dags retrieved from /usr/local/airflow/dags/pipeline.py
[2025-12-06T11:59:19.006+0000] {processor.py:183} INFO - Processing /usr/local/airflow/dags/pipeline.py took 0.951 seconds
[2025-12-06T11:59:49.459+0000] {processor.py:161} INFO - Started process (PID=221) to work on /usr/local/airflow/dags/pipeline.py
[2025-12-06T11:59:49.460+0000] {processor.py:830} INFO - Processing file /usr/local/airflow/dags/pipeline.py for tasks to queue
[2025-12-06T11:59:49.462+0000] {logging_mixin.py:188} INFO - [2025-12-06T11:59:49.461+0000] {dagbag.py:545} INFO - Filling up the DagBag from /usr/local/airflow/dags/pipeline.py
[2025-12-06T11:59:50.377+0000] {logging_mixin.py:188} INFO - [2025-12-06T11:59:50.352+0000] {dagbag.py:355} ERROR - Failed to import: /usr/local/airflow/dags/pipeline.py
Traceback (most recent call last):
  File "/usr/local/lib/python3.11/site-packages/airflow/models/dagbag.py", line 351, in parse
    loader.exec_module(new_module)
  File "<frozen importlib._bootstrap_external>", line 940, in exec_module
  File "<frozen importlib._bootstrap>", line 241, in _call_with_frames_removed
  File "/usr/local/airflow/dags/pipeline.py", line 6, in <module>
    from bronze_scripts.load_bronze import load_bronze
  File "/usr/local/airflow/bronze_scripts/load_bronze.py", line 2, in <module>
    import snowflake.connector
ModuleNotFoundError: No module named 'snowflake'
[2025-12-06T11:59:50.384+0000] {processor.py:842} WARNING - No viable dags retrieved from /usr/local/airflow/dags/pipeline.py
[2025-12-06T11:59:50.428+0000] {processor.py:183} INFO - Processing /usr/local/airflow/dags/pipeline.py took 0.983 seconds
[2025-12-06T12:00:20.811+0000] {processor.py:161} INFO - Started process (PID=227) to work on /usr/local/airflow/dags/pipeline.py
[2025-12-06T12:00:20.814+0000] {processor.py:830} INFO - Processing file /usr/local/airflow/dags/pipeline.py for tasks to queue
[2025-12-06T12:00:20.817+0000] {logging_mixin.py:188} INFO - [2025-12-06T12:00:20.816+0000] {dagbag.py:545} INFO - Filling up the DagBag from /usr/local/airflow/dags/pipeline.py
[2025-12-06T12:00:21.693+0000] {logging_mixin.py:188} INFO - [2025-12-06T12:00:21.676+0000] {dagbag.py:355} ERROR - Failed to import: /usr/local/airflow/dags/pipeline.py
Traceback (most recent call last):
  File "/usr/local/lib/python3.11/site-packages/airflow/models/dagbag.py", line 351, in parse
    loader.exec_module(new_module)
  File "<frozen importlib._bootstrap_external>", line 940, in exec_module
  File "<frozen importlib._bootstrap>", line 241, in _call_with_frames_removed
  File "/usr/local/airflow/dags/pipeline.py", line 6, in <module>
    from bronze_scripts.load_bronze import load_bronze
  File "/usr/local/airflow/bronze_scripts/load_bronze.py", line 2, in <module>
    import snowflake.connector
ModuleNotFoundError: No module named 'snowflake'
[2025-12-06T12:00:21.698+0000] {processor.py:842} WARNING - No viable dags retrieved from /usr/local/airflow/dags/pipeline.py
[2025-12-06T12:00:21.732+0000] {processor.py:183} INFO - Processing /usr/local/airflow/dags/pipeline.py took 0.934 seconds
[2025-12-06T12:00:52.229+0000] {processor.py:161} INFO - Started process (PID=233) to work on /usr/local/airflow/dags/pipeline.py
[2025-12-06T12:00:52.231+0000] {processor.py:830} INFO - Processing file /usr/local/airflow/dags/pipeline.py for tasks to queue
[2025-12-06T12:00:52.232+0000] {logging_mixin.py:188} INFO - [2025-12-06T12:00:52.232+0000] {dagbag.py:545} INFO - Filling up the DagBag from /usr/local/airflow/dags/pipeline.py
[2025-12-06T12:00:52.929+0000] {logging_mixin.py:188} INFO - [2025-12-06T12:00:52.918+0000] {dagbag.py:355} ERROR - Failed to import: /usr/local/airflow/dags/pipeline.py
Traceback (most recent call last):
  File "/usr/local/lib/python3.11/site-packages/airflow/models/dagbag.py", line 351, in parse
    loader.exec_module(new_module)
  File "<frozen importlib._bootstrap_external>", line 940, in exec_module
  File "<frozen importlib._bootstrap>", line 241, in _call_with_frames_removed
  File "/usr/local/airflow/dags/pipeline.py", line 6, in <module>
    from bronze_scripts.load_bronze import load_bronze
  File "/usr/local/airflow/bronze_scripts/load_bronze.py", line 2, in <module>
    import snowflake.connector
ModuleNotFoundError: No module named 'snowflake'
[2025-12-06T12:00:52.934+0000] {processor.py:842} WARNING - No viable dags retrieved from /usr/local/airflow/dags/pipeline.py
[2025-12-06T12:00:52.975+0000] {processor.py:183} INFO - Processing /usr/local/airflow/dags/pipeline.py took 0.753 seconds
[2025-12-06T12:01:23.446+0000] {processor.py:161} INFO - Started process (PID=239) to work on /usr/local/airflow/dags/pipeline.py
[2025-12-06T12:01:23.450+0000] {processor.py:830} INFO - Processing file /usr/local/airflow/dags/pipeline.py for tasks to queue
[2025-12-06T12:01:23.452+0000] {logging_mixin.py:188} INFO - [2025-12-06T12:01:23.451+0000] {dagbag.py:545} INFO - Filling up the DagBag from /usr/local/airflow/dags/pipeline.py
[2025-12-06T12:01:24.487+0000] {logging_mixin.py:188} INFO - [2025-12-06T12:01:24.478+0000] {dagbag.py:355} ERROR - Failed to import: /usr/local/airflow/dags/pipeline.py
Traceback (most recent call last):
  File "/usr/local/lib/python3.11/site-packages/airflow/models/dagbag.py", line 351, in parse
    loader.exec_module(new_module)
  File "<frozen importlib._bootstrap_external>", line 940, in exec_module
  File "<frozen importlib._bootstrap>", line 241, in _call_with_frames_removed
  File "/usr/local/airflow/dags/pipeline.py", line 6, in <module>
    from bronze_scripts.load_bronze import load_bronze
  File "/usr/local/airflow/bronze_scripts/load_bronze.py", line 2, in <module>
    import snowflake.connector
ModuleNotFoundError: No module named 'snowflake'
[2025-12-06T12:01:24.491+0000] {processor.py:842} WARNING - No viable dags retrieved from /usr/local/airflow/dags/pipeline.py
[2025-12-06T12:01:24.513+0000] {processor.py:183} INFO - Processing /usr/local/airflow/dags/pipeline.py took 1.091 seconds
[2025-12-06T12:04:46.910+0000] {processor.py:161} INFO - Started process (PID=171) to work on /usr/local/airflow/dags/pipeline.py
[2025-12-06T12:04:46.915+0000] {processor.py:830} INFO - Processing file /usr/local/airflow/dags/pipeline.py for tasks to queue
[2025-12-06T12:04:46.917+0000] {logging_mixin.py:188} INFO - [2025-12-06T12:04:46.916+0000] {dagbag.py:545} INFO - Filling up the DagBag from /usr/local/airflow/dags/pipeline.py
[2025-12-06T12:04:47.953+0000] {logging_mixin.py:188} INFO - [2025-12-06T12:04:47.952+0000] {graph.py:611} INFO - Trying to parse the dbt project using dbt ls cache cosmos_cache__pipeline__run_dbt...
[2025-12-06T12:04:48.621+0000] {logging_mixin.py:188} INFO - [2025-12-06T12:04:48.621+0000] {cache.py:320} INFO - Cosmos performance: time to calculate cache identifier cosmos_cache__pipeline__run_dbt for current version: 0.650407530999928
[2025-12-06T12:04:48.622+0000] {logging_mixin.py:188} INFO - [2025-12-06T12:04:48.622+0000] {graph.py:628} INFO - Cosmos performance [a9333181de5c|171]: The cache size for cosmos_cache__pipeline__run_dbt is 11995
[2025-12-06T12:04:48.625+0000] {logging_mixin.py:188} INFO - [2025-12-06T12:04:48.624+0000] {graph.py:636} INFO - Cosmos performance: Cache hit for cosmos_cache__pipeline__run_dbt - 0b3d635cea9502481b0d5b153e50b2da,d41d8cd98f00b204e9800998ecf8427e
[2025-12-06T12:04:48.626+0000] {logging_mixin.py:188} INFO - [2025-12-06T12:04:48.625+0000] {graph.py:561} INFO - Total nodes: 15
[2025-12-06T12:04:48.626+0000] {logging_mixin.py:188} INFO - [2025-12-06T12:04:48.626+0000] {graph.py:562} INFO - Total filtered nodes: 15
[2025-12-06T12:04:48.627+0000] {logging_mixin.py:188} INFO - [2025-12-06T12:04:48.627+0000] {converter.py:291} INFO - Cosmos performance (pipeline__run_dbt) -  [a9333181de5c|171]: It took 0.675s to parse the dbt project for DAG using LoadMode.DBT_LS_CACHE
[2025-12-06T12:04:48.629+0000] {logging_mixin.py:188} INFO - [2025-12-06T12:04:48.629+0000] {project.py:39} INFO - Project /usr/local/airflow/dbt/dbt_project does not have {'packages.yml', 'dependencies.yml'}
[2025-12-06T12:04:48.631+0000] {logging_mixin.py:188} INFO - [2025-12-06T12:04:48.631+0000] {project.py:39} INFO - Project /usr/local/airflow/dbt/dbt_project does not have {'packages.yml', 'dependencies.yml'}
[2025-12-06T12:04:48.635+0000] {logging_mixin.py:188} INFO - [2025-12-06T12:04:48.635+0000] {project.py:39} INFO - Project /usr/local/airflow/dbt/dbt_project does not have {'packages.yml', 'dependencies.yml'}
[2025-12-06T12:04:48.638+0000] {logging_mixin.py:188} INFO - [2025-12-06T12:04:48.638+0000] {project.py:39} INFO - Project /usr/local/airflow/dbt/dbt_project does not have {'packages.yml', 'dependencies.yml'}
[2025-12-06T12:04:48.642+0000] {logging_mixin.py:188} INFO - [2025-12-06T12:04:48.642+0000] {project.py:39} INFO - Project /usr/local/airflow/dbt/dbt_project does not have {'packages.yml', 'dependencies.yml'}
[2025-12-06T12:04:48.647+0000] {logging_mixin.py:188} INFO - [2025-12-06T12:04:48.646+0000] {project.py:39} INFO - Project /usr/local/airflow/dbt/dbt_project does not have {'packages.yml', 'dependencies.yml'}
[2025-12-06T12:04:48.651+0000] {logging_mixin.py:188} INFO - [2025-12-06T12:04:48.650+0000] {project.py:39} INFO - Project /usr/local/airflow/dbt/dbt_project does not have {'packages.yml', 'dependencies.yml'}
[2025-12-06T12:04:48.655+0000] {logging_mixin.py:188} INFO - [2025-12-06T12:04:48.654+0000] {project.py:39} INFO - Project /usr/local/airflow/dbt/dbt_project does not have {'packages.yml', 'dependencies.yml'}
[2025-12-06T12:04:48.659+0000] {logging_mixin.py:188} INFO - [2025-12-06T12:04:48.659+0000] {project.py:39} INFO - Project /usr/local/airflow/dbt/dbt_project does not have {'packages.yml', 'dependencies.yml'}
[2025-12-06T12:04:48.663+0000] {logging_mixin.py:188} INFO - [2025-12-06T12:04:48.663+0000] {project.py:39} INFO - Project /usr/local/airflow/dbt/dbt_project does not have {'packages.yml', 'dependencies.yml'}
[2025-12-06T12:04:48.665+0000] {logging_mixin.py:188} INFO - [2025-12-06T12:04:48.665+0000] {converter.py:336} INFO - Cosmos performance (pipeline__run_dbt) - [a9333181de5c|171]: It took 0.0379s to build the Airflow DAG.
[2025-12-06T12:04:48.667+0000] {processor.py:840} INFO - DAG(s) 'pipeline' retrieved from /usr/local/airflow/dags/pipeline.py
[2025-12-06T12:04:48.672+0000] {logging_mixin.py:188} INFO - [2025-12-06T12:04:48.671+0000] {dag.py:3096} INFO - Sync 1 DAGs
[2025-12-06T12:04:48.728+0000] {processor.py:183} INFO - Processing /usr/local/airflow/dags/pipeline.py took 1.829 seconds
[2025-12-06T12:05:19.146+0000] {processor.py:161} INFO - Started process (PID=186) to work on /usr/local/airflow/dags/pipeline.py
[2025-12-06T12:05:19.149+0000] {processor.py:830} INFO - Processing file /usr/local/airflow/dags/pipeline.py for tasks to queue
[2025-12-06T12:05:19.152+0000] {logging_mixin.py:188} INFO - [2025-12-06T12:05:19.151+0000] {dagbag.py:545} INFO - Filling up the DagBag from /usr/local/airflow/dags/pipeline.py
[2025-12-06T12:05:20.221+0000] {logging_mixin.py:188} INFO - [2025-12-06T12:05:20.221+0000] {graph.py:611} INFO - Trying to parse the dbt project using dbt ls cache cosmos_cache__pipeline__run_dbt...
[2025-12-06T12:05:22.932+0000] {logging_mixin.py:188} INFO - [2025-12-06T12:05:22.932+0000] {cache.py:320} INFO - Cosmos performance: time to calculate cache identifier cosmos_cache__pipeline__run_dbt for current version: 2.670263987999988
[2025-12-06T12:05:22.933+0000] {logging_mixin.py:188} INFO - [2025-12-06T12:05:22.933+0000] {graph.py:628} INFO - Cosmos performance [a9333181de5c|186]: The cache size for cosmos_cache__pipeline__run_dbt is 11995
[2025-12-06T12:05:22.934+0000] {logging_mixin.py:188} INFO - [2025-12-06T12:05:22.934+0000] {graph.py:636} INFO - Cosmos performance: Cache hit for cosmos_cache__pipeline__run_dbt - 0b3d635cea9502481b0d5b153e50b2da,d41d8cd98f00b204e9800998ecf8427e
[2025-12-06T12:05:22.935+0000] {logging_mixin.py:188} INFO - [2025-12-06T12:05:22.935+0000] {graph.py:561} INFO - Total nodes: 15
[2025-12-06T12:05:22.936+0000] {logging_mixin.py:188} INFO - [2025-12-06T12:05:22.935+0000] {graph.py:562} INFO - Total filtered nodes: 15
[2025-12-06T12:05:22.936+0000] {logging_mixin.py:188} INFO - [2025-12-06T12:05:22.936+0000] {converter.py:291} INFO - Cosmos performance (pipeline__run_dbt) -  [a9333181de5c|186]: It took 2.72s to parse the dbt project for DAG using LoadMode.DBT_LS_CACHE
[2025-12-06T12:05:22.940+0000] {logging_mixin.py:188} INFO - [2025-12-06T12:05:22.939+0000] {project.py:39} INFO - Project /usr/local/airflow/dbt/dbt_project does not have {'packages.yml', 'dependencies.yml'}
[2025-12-06T12:05:22.945+0000] {logging_mixin.py:188} INFO - [2025-12-06T12:05:22.944+0000] {project.py:39} INFO - Project /usr/local/airflow/dbt/dbt_project does not have {'packages.yml', 'dependencies.yml'}
[2025-12-06T12:05:22.951+0000] {logging_mixin.py:188} INFO - [2025-12-06T12:05:22.951+0000] {project.py:39} INFO - Project /usr/local/airflow/dbt/dbt_project does not have {'packages.yml', 'dependencies.yml'}
[2025-12-06T12:05:22.957+0000] {logging_mixin.py:188} INFO - [2025-12-06T12:05:22.956+0000] {project.py:39} INFO - Project /usr/local/airflow/dbt/dbt_project does not have {'packages.yml', 'dependencies.yml'}
[2025-12-06T12:05:22.962+0000] {logging_mixin.py:188} INFO - [2025-12-06T12:05:22.962+0000] {project.py:39} INFO - Project /usr/local/airflow/dbt/dbt_project does not have {'packages.yml', 'dependencies.yml'}
[2025-12-06T12:05:22.968+0000] {logging_mixin.py:188} INFO - [2025-12-06T12:05:22.968+0000] {project.py:39} INFO - Project /usr/local/airflow/dbt/dbt_project does not have {'packages.yml', 'dependencies.yml'}
[2025-12-06T12:05:22.974+0000] {logging_mixin.py:188} INFO - [2025-12-06T12:05:22.973+0000] {project.py:39} INFO - Project /usr/local/airflow/dbt/dbt_project does not have {'packages.yml', 'dependencies.yml'}
[2025-12-06T12:05:22.979+0000] {logging_mixin.py:188} INFO - [2025-12-06T12:05:22.979+0000] {project.py:39} INFO - Project /usr/local/airflow/dbt/dbt_project does not have {'packages.yml', 'dependencies.yml'}
[2025-12-06T12:05:22.985+0000] {logging_mixin.py:188} INFO - [2025-12-06T12:05:22.984+0000] {project.py:39} INFO - Project /usr/local/airflow/dbt/dbt_project does not have {'packages.yml', 'dependencies.yml'}
[2025-12-06T12:05:22.989+0000] {logging_mixin.py:188} INFO - [2025-12-06T12:05:22.989+0000] {project.py:39} INFO - Project /usr/local/airflow/dbt/dbt_project does not have {'packages.yml', 'dependencies.yml'}
[2025-12-06T12:05:22.991+0000] {logging_mixin.py:188} INFO - [2025-12-06T12:05:22.991+0000] {converter.py:336} INFO - Cosmos performance (pipeline__run_dbt) - [a9333181de5c|186]: It took 0.0546s to build the Airflow DAG.
[2025-12-06T12:05:22.992+0000] {processor.py:840} INFO - DAG(s) 'pipeline' retrieved from /usr/local/airflow/dags/pipeline.py
[2025-12-06T12:05:23.054+0000] {logging_mixin.py:188} INFO - [2025-12-06T12:05:23.054+0000] {dag.py:3096} INFO - Sync 1 DAGs
[2025-12-06T12:05:23.073+0000] {logging_mixin.py:188} INFO - [2025-12-06T12:05:23.073+0000] {dag.py:3954} INFO - Setting next_dagrun for pipeline to 2025-12-06 00:00:00+00:00, run_after=2025-12-07 00:00:00+00:00
[2025-12-06T12:05:23.102+0000] {processor.py:183} INFO - Processing /usr/local/airflow/dags/pipeline.py took 3.977 seconds
[2025-12-06T12:05:53.611+0000] {processor.py:161} INFO - Started process (PID=192) to work on /usr/local/airflow/dags/pipeline.py
[2025-12-06T12:05:53.615+0000] {processor.py:830} INFO - Processing file /usr/local/airflow/dags/pipeline.py for tasks to queue
[2025-12-06T12:05:53.618+0000] {logging_mixin.py:188} INFO - [2025-12-06T12:05:53.617+0000] {dagbag.py:545} INFO - Filling up the DagBag from /usr/local/airflow/dags/pipeline.py
[2025-12-06T12:05:54.767+0000] {logging_mixin.py:188} INFO - [2025-12-06T12:05:54.767+0000] {graph.py:611} INFO - Trying to parse the dbt project using dbt ls cache cosmos_cache__pipeline__run_dbt...
[2025-12-06T12:05:57.326+0000] {logging_mixin.py:188} INFO - [2025-12-06T12:05:57.325+0000] {cache.py:320} INFO - Cosmos performance: time to calculate cache identifier cosmos_cache__pipeline__run_dbt for current version: 2.536497928000017
[2025-12-06T12:05:57.328+0000] {logging_mixin.py:188} INFO - [2025-12-06T12:05:57.327+0000] {graph.py:628} INFO - Cosmos performance [a9333181de5c|192]: The cache size for cosmos_cache__pipeline__run_dbt is 11995
[2025-12-06T12:05:57.332+0000] {logging_mixin.py:188} INFO - [2025-12-06T12:05:57.331+0000] {graph.py:636} INFO - Cosmos performance: Cache hit for cosmos_cache__pipeline__run_dbt - 0b3d635cea9502481b0d5b153e50b2da,d41d8cd98f00b204e9800998ecf8427e
[2025-12-06T12:05:57.334+0000] {logging_mixin.py:188} INFO - [2025-12-06T12:05:57.333+0000] {graph.py:561} INFO - Total nodes: 15
[2025-12-06T12:05:57.336+0000] {logging_mixin.py:188} INFO - [2025-12-06T12:05:57.335+0000] {graph.py:562} INFO - Total filtered nodes: 15
[2025-12-06T12:05:57.337+0000] {logging_mixin.py:188} INFO - [2025-12-06T12:05:57.337+0000] {converter.py:291} INFO - Cosmos performance (pipeline__run_dbt) -  [a9333181de5c|192]: It took 2.57s to parse the dbt project for DAG using LoadMode.DBT_LS_CACHE
[2025-12-06T12:05:57.344+0000] {logging_mixin.py:188} INFO - [2025-12-06T12:05:57.343+0000] {project.py:39} INFO - Project /usr/local/airflow/dbt/dbt_project does not have {'packages.yml', 'dependencies.yml'}
[2025-12-06T12:05:57.353+0000] {logging_mixin.py:188} INFO - [2025-12-06T12:05:57.352+0000] {project.py:39} INFO - Project /usr/local/airflow/dbt/dbt_project does not have {'packages.yml', 'dependencies.yml'}
[2025-12-06T12:05:57.361+0000] {logging_mixin.py:188} INFO - [2025-12-06T12:05:57.360+0000] {project.py:39} INFO - Project /usr/local/airflow/dbt/dbt_project does not have {'packages.yml', 'dependencies.yml'}
[2025-12-06T12:05:57.369+0000] {logging_mixin.py:188} INFO - [2025-12-06T12:05:57.368+0000] {project.py:39} INFO - Project /usr/local/airflow/dbt/dbt_project does not have {'packages.yml', 'dependencies.yml'}
[2025-12-06T12:05:57.377+0000] {logging_mixin.py:188} INFO - [2025-12-06T12:05:57.376+0000] {project.py:39} INFO - Project /usr/local/airflow/dbt/dbt_project does not have {'packages.yml', 'dependencies.yml'}
[2025-12-06T12:05:57.385+0000] {logging_mixin.py:188} INFO - [2025-12-06T12:05:57.384+0000] {project.py:39} INFO - Project /usr/local/airflow/dbt/dbt_project does not have {'packages.yml', 'dependencies.yml'}
[2025-12-06T12:05:57.393+0000] {logging_mixin.py:188} INFO - [2025-12-06T12:05:57.392+0000] {project.py:39} INFO - Project /usr/local/airflow/dbt/dbt_project does not have {'packages.yml', 'dependencies.yml'}
[2025-12-06T12:05:57.402+0000] {logging_mixin.py:188} INFO - [2025-12-06T12:05:57.401+0000] {project.py:39} INFO - Project /usr/local/airflow/dbt/dbt_project does not have {'packages.yml', 'dependencies.yml'}
[2025-12-06T12:05:57.411+0000] {logging_mixin.py:188} INFO - [2025-12-06T12:05:57.410+0000] {project.py:39} INFO - Project /usr/local/airflow/dbt/dbt_project does not have {'packages.yml', 'dependencies.yml'}
[2025-12-06T12:05:57.425+0000] {logging_mixin.py:188} INFO - [2025-12-06T12:05:57.425+0000] {project.py:39} INFO - Project /usr/local/airflow/dbt/dbt_project does not have {'packages.yml', 'dependencies.yml'}
[2025-12-06T12:05:57.430+0000] {logging_mixin.py:188} INFO - [2025-12-06T12:05:57.430+0000] {converter.py:336} INFO - Cosmos performance (pipeline__run_dbt) - [a9333181de5c|192]: It took 0.0926s to build the Airflow DAG.
[2025-12-06T12:05:57.434+0000] {processor.py:840} INFO - DAG(s) 'pipeline' retrieved from /usr/local/airflow/dags/pipeline.py
[2025-12-06T12:05:57.490+0000] {logging_mixin.py:188} INFO - [2025-12-06T12:05:57.489+0000] {dag.py:3096} INFO - Sync 1 DAGs
[2025-12-06T12:05:57.531+0000] {logging_mixin.py:188} INFO - [2025-12-06T12:05:57.531+0000] {dag.py:3954} INFO - Setting next_dagrun for pipeline to 2025-12-06 00:00:00+00:00, run_after=2025-12-07 00:00:00+00:00
[2025-12-06T12:05:57.568+0000] {processor.py:183} INFO - Processing /usr/local/airflow/dags/pipeline.py took 3.976 seconds
[2025-12-06T12:06:27.940+0000] {processor.py:161} INFO - Started process (PID=198) to work on /usr/local/airflow/dags/pipeline.py
[2025-12-06T12:06:27.942+0000] {processor.py:830} INFO - Processing file /usr/local/airflow/dags/pipeline.py for tasks to queue
[2025-12-06T12:06:27.943+0000] {logging_mixin.py:188} INFO - [2025-12-06T12:06:27.942+0000] {dagbag.py:545} INFO - Filling up the DagBag from /usr/local/airflow/dags/pipeline.py
[2025-12-06T12:06:29.244+0000] {logging_mixin.py:188} INFO - [2025-12-06T12:06:29.244+0000] {graph.py:611} INFO - Trying to parse the dbt project using dbt ls cache cosmos_cache__pipeline__run_dbt...
[2025-12-06T12:06:30.916+0000] {logging_mixin.py:188} INFO - [2025-12-06T12:06:30.916+0000] {cache.py:320} INFO - Cosmos performance: time to calculate cache identifier cosmos_cache__pipeline__run_dbt for current version: 1.6443333180000081
[2025-12-06T12:06:30.917+0000] {logging_mixin.py:188} INFO - [2025-12-06T12:06:30.917+0000] {graph.py:628} INFO - Cosmos performance [a9333181de5c|198]: The cache size for cosmos_cache__pipeline__run_dbt is 11995
[2025-12-06T12:06:30.918+0000] {logging_mixin.py:188} INFO - [2025-12-06T12:06:30.918+0000] {graph.py:636} INFO - Cosmos performance: Cache hit for cosmos_cache__pipeline__run_dbt - 0b3d635cea9502481b0d5b153e50b2da,d41d8cd98f00b204e9800998ecf8427e
[2025-12-06T12:06:30.919+0000] {logging_mixin.py:188} INFO - [2025-12-06T12:06:30.919+0000] {graph.py:561} INFO - Total nodes: 15
[2025-12-06T12:06:30.920+0000] {logging_mixin.py:188} INFO - [2025-12-06T12:06:30.920+0000] {graph.py:562} INFO - Total filtered nodes: 15
[2025-12-06T12:06:30.920+0000] {logging_mixin.py:188} INFO - [2025-12-06T12:06:30.920+0000] {converter.py:291} INFO - Cosmos performance (pipeline__run_dbt) -  [a9333181de5c|198]: It took 1.68s to parse the dbt project for DAG using LoadMode.DBT_LS_CACHE
[2025-12-06T12:06:30.924+0000] {logging_mixin.py:188} INFO - [2025-12-06T12:06:30.924+0000] {project.py:39} INFO - Project /usr/local/airflow/dbt/dbt_project does not have {'packages.yml', 'dependencies.yml'}
[2025-12-06T12:06:30.929+0000] {logging_mixin.py:188} INFO - [2025-12-06T12:06:30.929+0000] {project.py:39} INFO - Project /usr/local/airflow/dbt/dbt_project does not have {'packages.yml', 'dependencies.yml'}
[2025-12-06T12:06:30.935+0000] {logging_mixin.py:188} INFO - [2025-12-06T12:06:30.935+0000] {project.py:39} INFO - Project /usr/local/airflow/dbt/dbt_project does not have {'packages.yml', 'dependencies.yml'}
[2025-12-06T12:06:30.941+0000] {logging_mixin.py:188} INFO - [2025-12-06T12:06:30.941+0000] {project.py:39} INFO - Project /usr/local/airflow/dbt/dbt_project does not have {'packages.yml', 'dependencies.yml'}
[2025-12-06T12:06:30.945+0000] {logging_mixin.py:188} INFO - [2025-12-06T12:06:30.945+0000] {project.py:39} INFO - Project /usr/local/airflow/dbt/dbt_project does not have {'packages.yml', 'dependencies.yml'}
[2025-12-06T12:06:30.950+0000] {logging_mixin.py:188} INFO - [2025-12-06T12:06:30.950+0000] {project.py:39} INFO - Project /usr/local/airflow/dbt/dbt_project does not have {'packages.yml', 'dependencies.yml'}
[2025-12-06T12:06:30.955+0000] {logging_mixin.py:188} INFO - [2025-12-06T12:06:30.954+0000] {project.py:39} INFO - Project /usr/local/airflow/dbt/dbt_project does not have {'packages.yml', 'dependencies.yml'}
[2025-12-06T12:06:30.960+0000] {logging_mixin.py:188} INFO - [2025-12-06T12:06:30.960+0000] {project.py:39} INFO - Project /usr/local/airflow/dbt/dbt_project does not have {'packages.yml', 'dependencies.yml'}
[2025-12-06T12:06:30.965+0000] {logging_mixin.py:188} INFO - [2025-12-06T12:06:30.965+0000] {project.py:39} INFO - Project /usr/local/airflow/dbt/dbt_project does not have {'packages.yml', 'dependencies.yml'}
[2025-12-06T12:06:30.970+0000] {logging_mixin.py:188} INFO - [2025-12-06T12:06:30.970+0000] {project.py:39} INFO - Project /usr/local/airflow/dbt/dbt_project does not have {'packages.yml', 'dependencies.yml'}
[2025-12-06T12:06:30.972+0000] {logging_mixin.py:188} INFO - [2025-12-06T12:06:30.971+0000] {converter.py:336} INFO - Cosmos performance (pipeline__run_dbt) - [a9333181de5c|198]: It took 0.0512s to build the Airflow DAG.
[2025-12-06T12:06:30.974+0000] {processor.py:840} INFO - DAG(s) 'pipeline' retrieved from /usr/local/airflow/dags/pipeline.py
[2025-12-06T12:06:31.002+0000] {logging_mixin.py:188} INFO - [2025-12-06T12:06:31.002+0000] {dag.py:3096} INFO - Sync 1 DAGs
[2025-12-06T12:06:31.030+0000] {logging_mixin.py:188} INFO - [2025-12-06T12:06:31.030+0000] {dag.py:3954} INFO - Setting next_dagrun for pipeline to 2025-12-06 00:00:00+00:00, run_after=2025-12-07 00:00:00+00:00
[2025-12-06T12:06:31.053+0000] {processor.py:183} INFO - Processing /usr/local/airflow/dags/pipeline.py took 3.122 seconds
[2025-12-06T12:07:01.360+0000] {processor.py:161} INFO - Started process (PID=204) to work on /usr/local/airflow/dags/pipeline.py
[2025-12-06T12:07:01.365+0000] {processor.py:830} INFO - Processing file /usr/local/airflow/dags/pipeline.py for tasks to queue
[2025-12-06T12:07:01.367+0000] {logging_mixin.py:188} INFO - [2025-12-06T12:07:01.366+0000] {dagbag.py:545} INFO - Filling up the DagBag from /usr/local/airflow/dags/pipeline.py
[2025-12-06T12:07:02.992+0000] {logging_mixin.py:188} INFO - [2025-12-06T12:07:02.991+0000] {graph.py:611} INFO - Trying to parse the dbt project using dbt ls cache cosmos_cache__pipeline__run_dbt...
[2025-12-06T12:07:05.028+0000] {logging_mixin.py:188} INFO - [2025-12-06T12:07:05.027+0000] {cache.py:320} INFO - Cosmos performance: time to calculate cache identifier cosmos_cache__pipeline__run_dbt for current version: 2.009642673000144
[2025-12-06T12:07:05.031+0000] {logging_mixin.py:188} INFO - [2025-12-06T12:07:05.029+0000] {graph.py:628} INFO - Cosmos performance [a9333181de5c|204]: The cache size for cosmos_cache__pipeline__run_dbt is 11995
[2025-12-06T12:07:05.034+0000] {logging_mixin.py:188} INFO - [2025-12-06T12:07:05.033+0000] {graph.py:636} INFO - Cosmos performance: Cache hit for cosmos_cache__pipeline__run_dbt - 0b3d635cea9502481b0d5b153e50b2da,d41d8cd98f00b204e9800998ecf8427e
[2025-12-06T12:07:05.035+0000] {logging_mixin.py:188} INFO - [2025-12-06T12:07:05.035+0000] {graph.py:561} INFO - Total nodes: 15
[2025-12-06T12:07:05.037+0000] {logging_mixin.py:188} INFO - [2025-12-06T12:07:05.036+0000] {graph.py:562} INFO - Total filtered nodes: 15
[2025-12-06T12:07:05.038+0000] {logging_mixin.py:188} INFO - [2025-12-06T12:07:05.037+0000] {converter.py:291} INFO - Cosmos performance (pipeline__run_dbt) -  [a9333181de5c|204]: It took 2.05s to parse the dbt project for DAG using LoadMode.DBT_LS_CACHE
[2025-12-06T12:07:05.043+0000] {logging_mixin.py:188} INFO - [2025-12-06T12:07:05.042+0000] {project.py:39} INFO - Project /usr/local/airflow/dbt/dbt_project does not have {'packages.yml', 'dependencies.yml'}
[2025-12-06T12:07:05.048+0000] {logging_mixin.py:188} INFO - [2025-12-06T12:07:05.048+0000] {project.py:39} INFO - Project /usr/local/airflow/dbt/dbt_project does not have {'packages.yml', 'dependencies.yml'}
[2025-12-06T12:07:05.053+0000] {logging_mixin.py:188} INFO - [2025-12-06T12:07:05.053+0000] {project.py:39} INFO - Project /usr/local/airflow/dbt/dbt_project does not have {'packages.yml', 'dependencies.yml'}
[2025-12-06T12:07:05.057+0000] {logging_mixin.py:188} INFO - [2025-12-06T12:07:05.057+0000] {project.py:39} INFO - Project /usr/local/airflow/dbt/dbt_project does not have {'packages.yml', 'dependencies.yml'}
[2025-12-06T12:07:05.063+0000] {logging_mixin.py:188} INFO - [2025-12-06T12:07:05.062+0000] {project.py:39} INFO - Project /usr/local/airflow/dbt/dbt_project does not have {'packages.yml', 'dependencies.yml'}
[2025-12-06T12:07:05.066+0000] {logging_mixin.py:188} INFO - [2025-12-06T12:07:05.066+0000] {project.py:39} INFO - Project /usr/local/airflow/dbt/dbt_project does not have {'packages.yml', 'dependencies.yml'}
[2025-12-06T12:07:05.071+0000] {logging_mixin.py:188} INFO - [2025-12-06T12:07:05.070+0000] {project.py:39} INFO - Project /usr/local/airflow/dbt/dbt_project does not have {'packages.yml', 'dependencies.yml'}
[2025-12-06T12:07:05.076+0000] {logging_mixin.py:188} INFO - [2025-12-06T12:07:05.075+0000] {project.py:39} INFO - Project /usr/local/airflow/dbt/dbt_project does not have {'packages.yml', 'dependencies.yml'}
[2025-12-06T12:07:05.080+0000] {logging_mixin.py:188} INFO - [2025-12-06T12:07:05.080+0000] {project.py:39} INFO - Project /usr/local/airflow/dbt/dbt_project does not have {'packages.yml', 'dependencies.yml'}
[2025-12-06T12:07:05.083+0000] {logging_mixin.py:188} INFO - [2025-12-06T12:07:05.082+0000] {project.py:39} INFO - Project /usr/local/airflow/dbt/dbt_project does not have {'packages.yml', 'dependencies.yml'}
[2025-12-06T12:07:05.085+0000] {logging_mixin.py:188} INFO - [2025-12-06T12:07:05.085+0000] {converter.py:336} INFO - Cosmos performance (pipeline__run_dbt) - [a9333181de5c|204]: It took 0.0499s to build the Airflow DAG.
[2025-12-06T12:07:05.086+0000] {processor.py:840} INFO - DAG(s) 'pipeline' retrieved from /usr/local/airflow/dags/pipeline.py
[2025-12-06T12:07:05.120+0000] {logging_mixin.py:188} INFO - [2025-12-06T12:07:05.119+0000] {dag.py:3096} INFO - Sync 1 DAGs
[2025-12-06T12:07:05.155+0000] {logging_mixin.py:188} INFO - [2025-12-06T12:07:05.154+0000] {dag.py:3954} INFO - Setting next_dagrun for pipeline to 2025-12-06 00:00:00+00:00, run_after=2025-12-07 00:00:00+00:00
[2025-12-06T12:07:05.206+0000] {processor.py:183} INFO - Processing /usr/local/airflow/dags/pipeline.py took 3.867 seconds
[2025-12-06T12:07:35.678+0000] {processor.py:161} INFO - Started process (PID=210) to work on /usr/local/airflow/dags/pipeline.py
[2025-12-06T12:07:35.681+0000] {processor.py:830} INFO - Processing file /usr/local/airflow/dags/pipeline.py for tasks to queue
[2025-12-06T12:07:35.684+0000] {logging_mixin.py:188} INFO - [2025-12-06T12:07:35.683+0000] {dagbag.py:545} INFO - Filling up the DagBag from /usr/local/airflow/dags/pipeline.py
[2025-12-06T12:07:36.619+0000] {logging_mixin.py:188} INFO - [2025-12-06T12:07:36.618+0000] {graph.py:611} INFO - Trying to parse the dbt project using dbt ls cache cosmos_cache__pipeline__run_dbt...
[2025-12-06T12:07:39.282+0000] {logging_mixin.py:188} INFO - [2025-12-06T12:07:39.282+0000] {cache.py:320} INFO - Cosmos performance: time to calculate cache identifier cosmos_cache__pipeline__run_dbt for current version: 2.6409312309999677
[2025-12-06T12:07:39.283+0000] {logging_mixin.py:188} INFO - [2025-12-06T12:07:39.283+0000] {graph.py:628} INFO - Cosmos performance [a9333181de5c|210]: The cache size for cosmos_cache__pipeline__run_dbt is 11995
[2025-12-06T12:07:39.285+0000] {logging_mixin.py:188} INFO - [2025-12-06T12:07:39.285+0000] {graph.py:636} INFO - Cosmos performance: Cache hit for cosmos_cache__pipeline__run_dbt - 0b3d635cea9502481b0d5b153e50b2da,d41d8cd98f00b204e9800998ecf8427e
[2025-12-06T12:07:39.287+0000] {logging_mixin.py:188} INFO - [2025-12-06T12:07:39.286+0000] {graph.py:561} INFO - Total nodes: 15
[2025-12-06T12:07:39.287+0000] {logging_mixin.py:188} INFO - [2025-12-06T12:07:39.287+0000] {graph.py:562} INFO - Total filtered nodes: 15
[2025-12-06T12:07:39.288+0000] {logging_mixin.py:188} INFO - [2025-12-06T12:07:39.288+0000] {converter.py:291} INFO - Cosmos performance (pipeline__run_dbt) -  [a9333181de5c|210]: It took 2.67s to parse the dbt project for DAG using LoadMode.DBT_LS_CACHE
[2025-12-06T12:07:39.292+0000] {logging_mixin.py:188} INFO - [2025-12-06T12:07:39.291+0000] {project.py:39} INFO - Project /usr/local/airflow/dbt/dbt_project does not have {'packages.yml', 'dependencies.yml'}
[2025-12-06T12:07:39.298+0000] {logging_mixin.py:188} INFO - [2025-12-06T12:07:39.297+0000] {project.py:39} INFO - Project /usr/local/airflow/dbt/dbt_project does not have {'packages.yml', 'dependencies.yml'}
[2025-12-06T12:07:39.304+0000] {logging_mixin.py:188} INFO - [2025-12-06T12:07:39.303+0000] {project.py:39} INFO - Project /usr/local/airflow/dbt/dbt_project does not have {'packages.yml', 'dependencies.yml'}
[2025-12-06T12:07:39.309+0000] {logging_mixin.py:188} INFO - [2025-12-06T12:07:39.309+0000] {project.py:39} INFO - Project /usr/local/airflow/dbt/dbt_project does not have {'packages.yml', 'dependencies.yml'}
[2025-12-06T12:07:39.315+0000] {logging_mixin.py:188} INFO - [2025-12-06T12:07:39.314+0000] {project.py:39} INFO - Project /usr/local/airflow/dbt/dbt_project does not have {'packages.yml', 'dependencies.yml'}
[2025-12-06T12:07:39.320+0000] {logging_mixin.py:188} INFO - [2025-12-06T12:07:39.320+0000] {project.py:39} INFO - Project /usr/local/airflow/dbt/dbt_project does not have {'packages.yml', 'dependencies.yml'}
[2025-12-06T12:07:39.324+0000] {logging_mixin.py:188} INFO - [2025-12-06T12:07:39.324+0000] {project.py:39} INFO - Project /usr/local/airflow/dbt/dbt_project does not have {'packages.yml', 'dependencies.yml'}
[2025-12-06T12:07:39.331+0000] {logging_mixin.py:188} INFO - [2025-12-06T12:07:39.331+0000] {project.py:39} INFO - Project /usr/local/airflow/dbt/dbt_project does not have {'packages.yml', 'dependencies.yml'}
[2025-12-06T12:07:39.335+0000] {logging_mixin.py:188} INFO - [2025-12-06T12:07:39.335+0000] {project.py:39} INFO - Project /usr/local/airflow/dbt/dbt_project does not have {'packages.yml', 'dependencies.yml'}
[2025-12-06T12:07:39.340+0000] {logging_mixin.py:188} INFO - [2025-12-06T12:07:39.340+0000] {project.py:39} INFO - Project /usr/local/airflow/dbt/dbt_project does not have {'packages.yml', 'dependencies.yml'}
[2025-12-06T12:07:39.342+0000] {logging_mixin.py:188} INFO - [2025-12-06T12:07:39.341+0000] {converter.py:336} INFO - Cosmos performance (pipeline__run_dbt) - [a9333181de5c|210]: It took 0.0537s to build the Airflow DAG.
[2025-12-06T12:07:39.343+0000] {processor.py:840} INFO - DAG(s) 'pipeline' retrieved from /usr/local/airflow/dags/pipeline.py
[2025-12-06T12:07:39.384+0000] {logging_mixin.py:188} INFO - [2025-12-06T12:07:39.384+0000] {dag.py:3096} INFO - Sync 1 DAGs
[2025-12-06T12:07:39.418+0000] {logging_mixin.py:188} INFO - [2025-12-06T12:07:39.417+0000] {dag.py:3954} INFO - Setting next_dagrun for pipeline to 2025-12-06 00:00:00+00:00, run_after=2025-12-07 00:00:00+00:00
[2025-12-06T12:07:39.449+0000] {processor.py:183} INFO - Processing /usr/local/airflow/dags/pipeline.py took 3.792 seconds
[2025-12-06T12:08:09.914+0000] {processor.py:161} INFO - Started process (PID=216) to work on /usr/local/airflow/dags/pipeline.py
[2025-12-06T12:08:09.918+0000] {processor.py:830} INFO - Processing file /usr/local/airflow/dags/pipeline.py for tasks to queue
[2025-12-06T12:08:09.922+0000] {logging_mixin.py:188} INFO - [2025-12-06T12:08:09.920+0000] {dagbag.py:545} INFO - Filling up the DagBag from /usr/local/airflow/dags/pipeline.py
[2025-12-06T12:08:11.044+0000] {logging_mixin.py:188} INFO - [2025-12-06T12:08:11.044+0000] {graph.py:611} INFO - Trying to parse the dbt project using dbt ls cache cosmos_cache__pipeline__run_dbt...
[2025-12-06T12:08:13.880+0000] {logging_mixin.py:188} INFO - [2025-12-06T12:08:13.880+0000] {cache.py:320} INFO - Cosmos performance: time to calculate cache identifier cosmos_cache__pipeline__run_dbt for current version: 2.8160451160001685
[2025-12-06T12:08:13.881+0000] {logging_mixin.py:188} INFO - [2025-12-06T12:08:13.881+0000] {graph.py:628} INFO - Cosmos performance [a9333181de5c|216]: The cache size for cosmos_cache__pipeline__run_dbt is 11995
[2025-12-06T12:08:13.884+0000] {logging_mixin.py:188} INFO - [2025-12-06T12:08:13.883+0000] {graph.py:636} INFO - Cosmos performance: Cache hit for cosmos_cache__pipeline__run_dbt - 0b3d635cea9502481b0d5b153e50b2da,d41d8cd98f00b204e9800998ecf8427e
[2025-12-06T12:08:13.885+0000] {logging_mixin.py:188} INFO - [2025-12-06T12:08:13.885+0000] {graph.py:561} INFO - Total nodes: 15
[2025-12-06T12:08:13.886+0000] {logging_mixin.py:188} INFO - [2025-12-06T12:08:13.886+0000] {graph.py:562} INFO - Total filtered nodes: 15
[2025-12-06T12:08:13.887+0000] {logging_mixin.py:188} INFO - [2025-12-06T12:08:13.887+0000] {converter.py:291} INFO - Cosmos performance (pipeline__run_dbt) -  [a9333181de5c|216]: It took 2.84s to parse the dbt project for DAG using LoadMode.DBT_LS_CACHE
[2025-12-06T12:08:13.891+0000] {logging_mixin.py:188} INFO - [2025-12-06T12:08:13.890+0000] {project.py:39} INFO - Project /usr/local/airflow/dbt/dbt_project does not have {'packages.yml', 'dependencies.yml'}
[2025-12-06T12:08:13.896+0000] {logging_mixin.py:188} INFO - [2025-12-06T12:08:13.895+0000] {project.py:39} INFO - Project /usr/local/airflow/dbt/dbt_project does not have {'packages.yml', 'dependencies.yml'}
[2025-12-06T12:08:13.902+0000] {logging_mixin.py:188} INFO - [2025-12-06T12:08:13.901+0000] {project.py:39} INFO - Project /usr/local/airflow/dbt/dbt_project does not have {'packages.yml', 'dependencies.yml'}
[2025-12-06T12:08:13.908+0000] {logging_mixin.py:188} INFO - [2025-12-06T12:08:13.908+0000] {project.py:39} INFO - Project /usr/local/airflow/dbt/dbt_project does not have {'packages.yml', 'dependencies.yml'}
[2025-12-06T12:08:13.914+0000] {logging_mixin.py:188} INFO - [2025-12-06T12:08:13.914+0000] {project.py:39} INFO - Project /usr/local/airflow/dbt/dbt_project does not have {'packages.yml', 'dependencies.yml'}
[2025-12-06T12:08:13.921+0000] {logging_mixin.py:188} INFO - [2025-12-06T12:08:13.920+0000] {project.py:39} INFO - Project /usr/local/airflow/dbt/dbt_project does not have {'packages.yml', 'dependencies.yml'}
[2025-12-06T12:08:13.926+0000] {logging_mixin.py:188} INFO - [2025-12-06T12:08:13.926+0000] {project.py:39} INFO - Project /usr/local/airflow/dbt/dbt_project does not have {'packages.yml', 'dependencies.yml'}
[2025-12-06T12:08:13.933+0000] {logging_mixin.py:188} INFO - [2025-12-06T12:08:13.932+0000] {project.py:39} INFO - Project /usr/local/airflow/dbt/dbt_project does not have {'packages.yml', 'dependencies.yml'}
[2025-12-06T12:08:13.938+0000] {logging_mixin.py:188} INFO - [2025-12-06T12:08:13.938+0000] {project.py:39} INFO - Project /usr/local/airflow/dbt/dbt_project does not have {'packages.yml', 'dependencies.yml'}
[2025-12-06T12:08:13.944+0000] {logging_mixin.py:188} INFO - [2025-12-06T12:08:13.944+0000] {project.py:39} INFO - Project /usr/local/airflow/dbt/dbt_project does not have {'packages.yml', 'dependencies.yml'}
[2025-12-06T12:08:13.946+0000] {logging_mixin.py:188} INFO - [2025-12-06T12:08:13.946+0000] {converter.py:336} INFO - Cosmos performance (pipeline__run_dbt) - [a9333181de5c|216]: It took 0.0591s to build the Airflow DAG.
[2025-12-06T12:08:13.947+0000] {processor.py:840} INFO - DAG(s) 'pipeline' retrieved from /usr/local/airflow/dags/pipeline.py
[2025-12-06T12:08:13.969+0000] {logging_mixin.py:188} INFO - [2025-12-06T12:08:13.969+0000] {dag.py:3096} INFO - Sync 1 DAGs
[2025-12-06T12:08:13.995+0000] {logging_mixin.py:188} INFO - [2025-12-06T12:08:13.994+0000] {dag.py:3954} INFO - Setting next_dagrun for pipeline to 2025-12-06 00:00:00+00:00, run_after=2025-12-07 00:00:00+00:00
[2025-12-06T12:08:14.022+0000] {processor.py:183} INFO - Processing /usr/local/airflow/dags/pipeline.py took 4.148 seconds
[2025-12-06T12:08:44.353+0000] {processor.py:161} INFO - Started process (PID=222) to work on /usr/local/airflow/dags/pipeline.py
[2025-12-06T12:08:44.358+0000] {processor.py:830} INFO - Processing file /usr/local/airflow/dags/pipeline.py for tasks to queue
[2025-12-06T12:08:44.362+0000] {logging_mixin.py:188} INFO - [2025-12-06T12:08:44.361+0000] {dagbag.py:545} INFO - Filling up the DagBag from /usr/local/airflow/dags/pipeline.py
[2025-12-06T12:08:45.584+0000] {logging_mixin.py:188} INFO - [2025-12-06T12:08:45.583+0000] {graph.py:611} INFO - Trying to parse the dbt project using dbt ls cache cosmos_cache__pipeline__run_dbt...
[2025-12-06T12:08:48.404+0000] {logging_mixin.py:188} INFO - [2025-12-06T12:08:48.404+0000] {cache.py:320} INFO - Cosmos performance: time to calculate cache identifier cosmos_cache__pipeline__run_dbt for current version: 2.7988084599999183
[2025-12-06T12:08:48.405+0000] {logging_mixin.py:188} INFO - [2025-12-06T12:08:48.405+0000] {graph.py:628} INFO - Cosmos performance [a9333181de5c|222]: The cache size for cosmos_cache__pipeline__run_dbt is 11995
[2025-12-06T12:08:48.406+0000] {logging_mixin.py:188} INFO - [2025-12-06T12:08:48.406+0000] {graph.py:636} INFO - Cosmos performance: Cache hit for cosmos_cache__pipeline__run_dbt - 0b3d635cea9502481b0d5b153e50b2da,d41d8cd98f00b204e9800998ecf8427e
[2025-12-06T12:08:48.407+0000] {logging_mixin.py:188} INFO - [2025-12-06T12:08:48.407+0000] {graph.py:561} INFO - Total nodes: 15
[2025-12-06T12:08:48.408+0000] {logging_mixin.py:188} INFO - [2025-12-06T12:08:48.407+0000] {graph.py:562} INFO - Total filtered nodes: 15
[2025-12-06T12:08:48.408+0000] {logging_mixin.py:188} INFO - [2025-12-06T12:08:48.408+0000] {converter.py:291} INFO - Cosmos performance (pipeline__run_dbt) -  [a9333181de5c|222]: It took 2.82s to parse the dbt project for DAG using LoadMode.DBT_LS_CACHE
[2025-12-06T12:08:48.413+0000] {logging_mixin.py:188} INFO - [2025-12-06T12:08:48.413+0000] {project.py:39} INFO - Project /usr/local/airflow/dbt/dbt_project does not have {'packages.yml', 'dependencies.yml'}
[2025-12-06T12:08:48.418+0000] {logging_mixin.py:188} INFO - [2025-12-06T12:08:48.418+0000] {project.py:39} INFO - Project /usr/local/airflow/dbt/dbt_project does not have {'packages.yml', 'dependencies.yml'}
[2025-12-06T12:08:48.424+0000] {logging_mixin.py:188} INFO - [2025-12-06T12:08:48.423+0000] {project.py:39} INFO - Project /usr/local/airflow/dbt/dbt_project does not have {'packages.yml', 'dependencies.yml'}
[2025-12-06T12:08:48.429+0000] {logging_mixin.py:188} INFO - [2025-12-06T12:08:48.429+0000] {project.py:39} INFO - Project /usr/local/airflow/dbt/dbt_project does not have {'packages.yml', 'dependencies.yml'}
[2025-12-06T12:08:48.433+0000] {logging_mixin.py:188} INFO - [2025-12-06T12:08:48.433+0000] {project.py:39} INFO - Project /usr/local/airflow/dbt/dbt_project does not have {'packages.yml', 'dependencies.yml'}
[2025-12-06T12:08:48.439+0000] {logging_mixin.py:188} INFO - [2025-12-06T12:08:48.439+0000] {project.py:39} INFO - Project /usr/local/airflow/dbt/dbt_project does not have {'packages.yml', 'dependencies.yml'}
[2025-12-06T12:08:48.445+0000] {logging_mixin.py:188} INFO - [2025-12-06T12:08:48.445+0000] {project.py:39} INFO - Project /usr/local/airflow/dbt/dbt_project does not have {'packages.yml', 'dependencies.yml'}
[2025-12-06T12:08:48.450+0000] {logging_mixin.py:188} INFO - [2025-12-06T12:08:48.450+0000] {project.py:39} INFO - Project /usr/local/airflow/dbt/dbt_project does not have {'packages.yml', 'dependencies.yml'}
[2025-12-06T12:08:48.455+0000] {logging_mixin.py:188} INFO - [2025-12-06T12:08:48.455+0000] {project.py:39} INFO - Project /usr/local/airflow/dbt/dbt_project does not have {'packages.yml', 'dependencies.yml'}
[2025-12-06T12:08:48.461+0000] {logging_mixin.py:188} INFO - [2025-12-06T12:08:48.461+0000] {project.py:39} INFO - Project /usr/local/airflow/dbt/dbt_project does not have {'packages.yml', 'dependencies.yml'}
[2025-12-06T12:08:48.462+0000] {logging_mixin.py:188} INFO - [2025-12-06T12:08:48.462+0000] {converter.py:336} INFO - Cosmos performance (pipeline__run_dbt) - [a9333181de5c|222]: It took 0.0539s to build the Airflow DAG.
[2025-12-06T12:08:48.464+0000] {processor.py:840} INFO - DAG(s) 'pipeline' retrieved from /usr/local/airflow/dags/pipeline.py
[2025-12-06T12:08:48.484+0000] {logging_mixin.py:188} INFO - [2025-12-06T12:08:48.484+0000] {dag.py:3096} INFO - Sync 1 DAGs
[2025-12-06T12:08:48.506+0000] {logging_mixin.py:188} INFO - [2025-12-06T12:08:48.505+0000] {dag.py:3954} INFO - Setting next_dagrun for pipeline to 2025-12-06 00:00:00+00:00, run_after=2025-12-07 00:00:00+00:00
[2025-12-06T12:08:48.530+0000] {processor.py:183} INFO - Processing /usr/local/airflow/dags/pipeline.py took 4.200 seconds
[2025-12-06T12:09:18.864+0000] {processor.py:161} INFO - Started process (PID=228) to work on /usr/local/airflow/dags/pipeline.py
[2025-12-06T12:09:18.868+0000] {processor.py:830} INFO - Processing file /usr/local/airflow/dags/pipeline.py for tasks to queue
[2025-12-06T12:09:18.872+0000] {logging_mixin.py:188} INFO - [2025-12-06T12:09:18.871+0000] {dagbag.py:545} INFO - Filling up the DagBag from /usr/local/airflow/dags/pipeline.py
[2025-12-06T12:09:20.141+0000] {logging_mixin.py:188} INFO - [2025-12-06T12:09:20.141+0000] {graph.py:611} INFO - Trying to parse the dbt project using dbt ls cache cosmos_cache__pipeline__run_dbt...
[2025-12-06T12:09:22.375+0000] {logging_mixin.py:188} INFO - [2025-12-06T12:09:22.374+0000] {cache.py:320} INFO - Cosmos performance: time to calculate cache identifier cosmos_cache__pipeline__run_dbt for current version: 2.209826889999931
[2025-12-06T12:09:22.375+0000] {logging_mixin.py:188} INFO - [2025-12-06T12:09:22.375+0000] {graph.py:628} INFO - Cosmos performance [a9333181de5c|228]: The cache size for cosmos_cache__pipeline__run_dbt is 11995
[2025-12-06T12:09:22.377+0000] {logging_mixin.py:188} INFO - [2025-12-06T12:09:22.377+0000] {graph.py:636} INFO - Cosmos performance: Cache hit for cosmos_cache__pipeline__run_dbt - 0b3d635cea9502481b0d5b153e50b2da,d41d8cd98f00b204e9800998ecf8427e
[2025-12-06T12:09:22.378+0000] {logging_mixin.py:188} INFO - [2025-12-06T12:09:22.377+0000] {graph.py:561} INFO - Total nodes: 15
[2025-12-06T12:09:22.378+0000] {logging_mixin.py:188} INFO - [2025-12-06T12:09:22.378+0000] {graph.py:562} INFO - Total filtered nodes: 15
[2025-12-06T12:09:22.379+0000] {logging_mixin.py:188} INFO - [2025-12-06T12:09:22.379+0000] {converter.py:291} INFO - Cosmos performance (pipeline__run_dbt) -  [a9333181de5c|228]: It took 2.24s to parse the dbt project for DAG using LoadMode.DBT_LS_CACHE
[2025-12-06T12:09:22.382+0000] {logging_mixin.py:188} INFO - [2025-12-06T12:09:22.382+0000] {project.py:39} INFO - Project /usr/local/airflow/dbt/dbt_project does not have {'packages.yml', 'dependencies.yml'}
[2025-12-06T12:09:22.386+0000] {logging_mixin.py:188} INFO - [2025-12-06T12:09:22.386+0000] {project.py:39} INFO - Project /usr/local/airflow/dbt/dbt_project does not have {'packages.yml', 'dependencies.yml'}
[2025-12-06T12:09:22.391+0000] {logging_mixin.py:188} INFO - [2025-12-06T12:09:22.390+0000] {project.py:39} INFO - Project /usr/local/airflow/dbt/dbt_project does not have {'packages.yml', 'dependencies.yml'}
[2025-12-06T12:09:22.395+0000] {logging_mixin.py:188} INFO - [2025-12-06T12:09:22.394+0000] {project.py:39} INFO - Project /usr/local/airflow/dbt/dbt_project does not have {'packages.yml', 'dependencies.yml'}
[2025-12-06T12:09:22.398+0000] {logging_mixin.py:188} INFO - [2025-12-06T12:09:22.398+0000] {project.py:39} INFO - Project /usr/local/airflow/dbt/dbt_project does not have {'packages.yml', 'dependencies.yml'}
[2025-12-06T12:09:22.401+0000] {logging_mixin.py:188} INFO - [2025-12-06T12:09:22.401+0000] {project.py:39} INFO - Project /usr/local/airflow/dbt/dbt_project does not have {'packages.yml', 'dependencies.yml'}
[2025-12-06T12:09:22.404+0000] {logging_mixin.py:188} INFO - [2025-12-06T12:09:22.404+0000] {project.py:39} INFO - Project /usr/local/airflow/dbt/dbt_project does not have {'packages.yml', 'dependencies.yml'}
[2025-12-06T12:09:22.408+0000] {logging_mixin.py:188} INFO - [2025-12-06T12:09:22.407+0000] {project.py:39} INFO - Project /usr/local/airflow/dbt/dbt_project does not have {'packages.yml', 'dependencies.yml'}
[2025-12-06T12:09:22.412+0000] {logging_mixin.py:188} INFO - [2025-12-06T12:09:22.412+0000] {project.py:39} INFO - Project /usr/local/airflow/dbt/dbt_project does not have {'packages.yml', 'dependencies.yml'}
[2025-12-06T12:09:22.416+0000] {logging_mixin.py:188} INFO - [2025-12-06T12:09:22.415+0000] {project.py:39} INFO - Project /usr/local/airflow/dbt/dbt_project does not have {'packages.yml', 'dependencies.yml'}
[2025-12-06T12:09:22.417+0000] {logging_mixin.py:188} INFO - [2025-12-06T12:09:22.417+0000] {converter.py:336} INFO - Cosmos performance (pipeline__run_dbt) - [a9333181de5c|228]: It took 0.0378s to build the Airflow DAG.
[2025-12-06T12:09:22.418+0000] {processor.py:840} INFO - DAG(s) 'pipeline' retrieved from /usr/local/airflow/dags/pipeline.py
[2025-12-06T12:09:22.437+0000] {logging_mixin.py:188} INFO - [2025-12-06T12:09:22.436+0000] {dag.py:3096} INFO - Sync 1 DAGs
[2025-12-06T12:09:22.459+0000] {logging_mixin.py:188} INFO - [2025-12-06T12:09:22.458+0000] {dag.py:3954} INFO - Setting next_dagrun for pipeline to 2025-12-06 00:00:00+00:00, run_after=2025-12-07 00:00:00+00:00
[2025-12-06T12:09:22.483+0000] {processor.py:183} INFO - Processing /usr/local/airflow/dags/pipeline.py took 3.653 seconds
[2025-12-06T12:09:52.874+0000] {processor.py:161} INFO - Started process (PID=234) to work on /usr/local/airflow/dags/pipeline.py
[2025-12-06T12:09:52.876+0000] {processor.py:830} INFO - Processing file /usr/local/airflow/dags/pipeline.py for tasks to queue
[2025-12-06T12:09:52.878+0000] {logging_mixin.py:188} INFO - [2025-12-06T12:09:52.877+0000] {dagbag.py:545} INFO - Filling up the DagBag from /usr/local/airflow/dags/pipeline.py
[2025-12-06T12:09:54.100+0000] {logging_mixin.py:188} INFO - [2025-12-06T12:09:54.100+0000] {graph.py:611} INFO - Trying to parse the dbt project using dbt ls cache cosmos_cache__pipeline__run_dbt...
[2025-12-06T12:09:56.604+0000] {logging_mixin.py:188} INFO - [2025-12-06T12:09:56.604+0000] {cache.py:320} INFO - Cosmos performance: time to calculate cache identifier cosmos_cache__pipeline__run_dbt for current version: 2.48361692200001
[2025-12-06T12:09:56.604+0000] {logging_mixin.py:188} INFO - [2025-12-06T12:09:56.604+0000] {graph.py:628} INFO - Cosmos performance [a9333181de5c|234]: The cache size for cosmos_cache__pipeline__run_dbt is 11995
[2025-12-06T12:09:56.606+0000] {logging_mixin.py:188} INFO - [2025-12-06T12:09:56.606+0000] {graph.py:636} INFO - Cosmos performance: Cache hit for cosmos_cache__pipeline__run_dbt - 0b3d635cea9502481b0d5b153e50b2da,d41d8cd98f00b204e9800998ecf8427e
[2025-12-06T12:09:56.607+0000] {logging_mixin.py:188} INFO - [2025-12-06T12:09:56.606+0000] {graph.py:561} INFO - Total nodes: 15
[2025-12-06T12:09:56.607+0000] {logging_mixin.py:188} INFO - [2025-12-06T12:09:56.607+0000] {graph.py:562} INFO - Total filtered nodes: 15
[2025-12-06T12:09:56.608+0000] {logging_mixin.py:188} INFO - [2025-12-06T12:09:56.608+0000] {converter.py:291} INFO - Cosmos performance (pipeline__run_dbt) -  [a9333181de5c|234]: It took 2.51s to parse the dbt project for DAG using LoadMode.DBT_LS_CACHE
[2025-12-06T12:09:56.611+0000] {logging_mixin.py:188} INFO - [2025-12-06T12:09:56.610+0000] {project.py:39} INFO - Project /usr/local/airflow/dbt/dbt_project does not have {'packages.yml', 'dependencies.yml'}
[2025-12-06T12:09:56.614+0000] {logging_mixin.py:188} INFO - [2025-12-06T12:09:56.614+0000] {project.py:39} INFO - Project /usr/local/airflow/dbt/dbt_project does not have {'packages.yml', 'dependencies.yml'}
[2025-12-06T12:09:56.619+0000] {logging_mixin.py:188} INFO - [2025-12-06T12:09:56.618+0000] {project.py:39} INFO - Project /usr/local/airflow/dbt/dbt_project does not have {'packages.yml', 'dependencies.yml'}
[2025-12-06T12:09:56.622+0000] {logging_mixin.py:188} INFO - [2025-12-06T12:09:56.622+0000] {project.py:39} INFO - Project /usr/local/airflow/dbt/dbt_project does not have {'packages.yml', 'dependencies.yml'}
[2025-12-06T12:09:56.626+0000] {logging_mixin.py:188} INFO - [2025-12-06T12:09:56.626+0000] {project.py:39} INFO - Project /usr/local/airflow/dbt/dbt_project does not have {'packages.yml', 'dependencies.yml'}
[2025-12-06T12:09:56.630+0000] {logging_mixin.py:188} INFO - [2025-12-06T12:09:56.629+0000] {project.py:39} INFO - Project /usr/local/airflow/dbt/dbt_project does not have {'packages.yml', 'dependencies.yml'}
[2025-12-06T12:09:56.633+0000] {logging_mixin.py:188} INFO - [2025-12-06T12:09:56.633+0000] {project.py:39} INFO - Project /usr/local/airflow/dbt/dbt_project does not have {'packages.yml', 'dependencies.yml'}
[2025-12-06T12:09:56.637+0000] {logging_mixin.py:188} INFO - [2025-12-06T12:09:56.637+0000] {project.py:39} INFO - Project /usr/local/airflow/dbt/dbt_project does not have {'packages.yml', 'dependencies.yml'}
[2025-12-06T12:09:56.641+0000] {logging_mixin.py:188} INFO - [2025-12-06T12:09:56.641+0000] {project.py:39} INFO - Project /usr/local/airflow/dbt/dbt_project does not have {'packages.yml', 'dependencies.yml'}
[2025-12-06T12:09:56.645+0000] {logging_mixin.py:188} INFO - [2025-12-06T12:09:56.645+0000] {project.py:39} INFO - Project /usr/local/airflow/dbt/dbt_project does not have {'packages.yml', 'dependencies.yml'}
[2025-12-06T12:09:56.647+0000] {logging_mixin.py:188} INFO - [2025-12-06T12:09:56.647+0000] {converter.py:336} INFO - Cosmos performance (pipeline__run_dbt) - [a9333181de5c|234]: It took 0.0392s to build the Airflow DAG.
[2025-12-06T12:09:56.648+0000] {processor.py:840} INFO - DAG(s) 'pipeline' retrieved from /usr/local/airflow/dags/pipeline.py
[2025-12-06T12:09:56.669+0000] {logging_mixin.py:188} INFO - [2025-12-06T12:09:56.669+0000] {dag.py:3096} INFO - Sync 1 DAGs
[2025-12-06T12:09:56.689+0000] {logging_mixin.py:188} INFO - [2025-12-06T12:09:56.689+0000] {dag.py:3954} INFO - Setting next_dagrun for pipeline to 2025-12-06 00:00:00+00:00, run_after=2025-12-07 00:00:00+00:00
[2025-12-06T12:09:56.714+0000] {processor.py:183} INFO - Processing /usr/local/airflow/dags/pipeline.py took 3.849 seconds
[2025-12-06T12:10:27.185+0000] {processor.py:161} INFO - Started process (PID=240) to work on /usr/local/airflow/dags/pipeline.py
[2025-12-06T12:10:27.189+0000] {processor.py:830} INFO - Processing file /usr/local/airflow/dags/pipeline.py for tasks to queue
[2025-12-06T12:10:27.193+0000] {logging_mixin.py:188} INFO - [2025-12-06T12:10:27.192+0000] {dagbag.py:545} INFO - Filling up the DagBag from /usr/local/airflow/dags/pipeline.py
[2025-12-06T12:10:28.149+0000] {logging_mixin.py:188} INFO - [2025-12-06T12:10:28.149+0000] {graph.py:611} INFO - Trying to parse the dbt project using dbt ls cache cosmos_cache__pipeline__run_dbt...
[2025-12-06T12:10:30.232+0000] {logging_mixin.py:188} INFO - [2025-12-06T12:10:30.231+0000] {cache.py:320} INFO - Cosmos performance: time to calculate cache identifier cosmos_cache__pipeline__run_dbt for current version: 2.0607703599998786
[2025-12-06T12:10:30.233+0000] {logging_mixin.py:188} INFO - [2025-12-06T12:10:30.233+0000] {graph.py:628} INFO - Cosmos performance [a9333181de5c|240]: The cache size for cosmos_cache__pipeline__run_dbt is 11995
[2025-12-06T12:10:30.236+0000] {logging_mixin.py:188} INFO - [2025-12-06T12:10:30.236+0000] {graph.py:636} INFO - Cosmos performance: Cache hit for cosmos_cache__pipeline__run_dbt - 0b3d635cea9502481b0d5b153e50b2da,d41d8cd98f00b204e9800998ecf8427e
[2025-12-06T12:10:30.238+0000] {logging_mixin.py:188} INFO - [2025-12-06T12:10:30.237+0000] {graph.py:561} INFO - Total nodes: 15
[2025-12-06T12:10:30.239+0000] {logging_mixin.py:188} INFO - [2025-12-06T12:10:30.239+0000] {graph.py:562} INFO - Total filtered nodes: 15
[2025-12-06T12:10:30.240+0000] {logging_mixin.py:188} INFO - [2025-12-06T12:10:30.240+0000] {converter.py:291} INFO - Cosmos performance (pipeline__run_dbt) -  [a9333181de5c|240]: It took 2.09s to parse the dbt project for DAG using LoadMode.DBT_LS_CACHE
[2025-12-06T12:10:30.247+0000] {logging_mixin.py:188} INFO - [2025-12-06T12:10:30.247+0000] {project.py:39} INFO - Project /usr/local/airflow/dbt/dbt_project does not have {'packages.yml', 'dependencies.yml'}
[2025-12-06T12:10:30.256+0000] {logging_mixin.py:188} INFO - [2025-12-06T12:10:30.255+0000] {project.py:39} INFO - Project /usr/local/airflow/dbt/dbt_project does not have {'packages.yml', 'dependencies.yml'}
[2025-12-06T12:10:30.265+0000] {logging_mixin.py:188} INFO - [2025-12-06T12:10:30.265+0000] {project.py:39} INFO - Project /usr/local/airflow/dbt/dbt_project does not have {'packages.yml', 'dependencies.yml'}
[2025-12-06T12:10:30.274+0000] {logging_mixin.py:188} INFO - [2025-12-06T12:10:30.273+0000] {project.py:39} INFO - Project /usr/local/airflow/dbt/dbt_project does not have {'packages.yml', 'dependencies.yml'}
[2025-12-06T12:10:30.282+0000] {logging_mixin.py:188} INFO - [2025-12-06T12:10:30.281+0000] {project.py:39} INFO - Project /usr/local/airflow/dbt/dbt_project does not have {'packages.yml', 'dependencies.yml'}
[2025-12-06T12:10:30.290+0000] {logging_mixin.py:188} INFO - [2025-12-06T12:10:30.290+0000] {project.py:39} INFO - Project /usr/local/airflow/dbt/dbt_project does not have {'packages.yml', 'dependencies.yml'}
[2025-12-06T12:10:30.298+0000] {logging_mixin.py:188} INFO - [2025-12-06T12:10:30.297+0000] {project.py:39} INFO - Project /usr/local/airflow/dbt/dbt_project does not have {'packages.yml', 'dependencies.yml'}
[2025-12-06T12:10:30.306+0000] {logging_mixin.py:188} INFO - [2025-12-06T12:10:30.306+0000] {project.py:39} INFO - Project /usr/local/airflow/dbt/dbt_project does not have {'packages.yml', 'dependencies.yml'}
[2025-12-06T12:10:30.315+0000] {logging_mixin.py:188} INFO - [2025-12-06T12:10:30.314+0000] {project.py:39} INFO - Project /usr/local/airflow/dbt/dbt_project does not have {'packages.yml', 'dependencies.yml'}
[2025-12-06T12:10:30.324+0000] {logging_mixin.py:188} INFO - [2025-12-06T12:10:30.323+0000] {project.py:39} INFO - Project /usr/local/airflow/dbt/dbt_project does not have {'packages.yml', 'dependencies.yml'}
[2025-12-06T12:10:30.327+0000] {logging_mixin.py:188} INFO - [2025-12-06T12:10:30.326+0000] {converter.py:336} INFO - Cosmos performance (pipeline__run_dbt) - [a9333181de5c|240]: It took 0.0861s to build the Airflow DAG.
[2025-12-06T12:10:30.330+0000] {processor.py:840} INFO - DAG(s) 'pipeline' retrieved from /usr/local/airflow/dags/pipeline.py
[2025-12-06T12:10:30.384+0000] {logging_mixin.py:188} INFO - [2025-12-06T12:10:30.383+0000] {dag.py:3096} INFO - Sync 1 DAGs
[2025-12-06T12:10:30.414+0000] {logging_mixin.py:188} INFO - [2025-12-06T12:10:30.414+0000] {dag.py:3954} INFO - Setting next_dagrun for pipeline to 2025-12-06 00:00:00+00:00, run_after=2025-12-07 00:00:00+00:00
[2025-12-06T12:10:30.444+0000] {processor.py:183} INFO - Processing /usr/local/airflow/dags/pipeline.py took 3.282 seconds
